Arguments: 
  C:\Program Files\nodejs\node.exe C:\Users\João\AppData\Roaming\npm\node_modules\yarn\bin\yarn.js add node_ENV

PATH: 
  C:\Users\João\bin;C:\Program Files\Git\mingw64\bin;C:\Program Files\Git\usr\local\bin;C:\Program Files\Git\usr\bin;C:\Program Files\Git\usr\bin;C:\Program Files\Git\mingw64\bin;C:\Program Files\Git\usr\bin;C:\Users\João\bin;C:\Program Files (x86)\Common Files\Oracle\Java\javapath;C:\ProgramData\Oracle\Java\javapath;C:\WINDOWS\system32;C:\WINDOWS;C:\WINDOWS\System32\Wbem;C:\WINDOWS\System32\WindowsPowerShell\v1.0;C:\WINDOWS\System32\OpenSSH;C:\Program Files\NVIDIA Corporation\NVIDIA NvDLISR;C:\Program Files (x86)\NVIDIA Corporation\PhysX\Common;C:\Program Files\Git\cmd;C:\Program Files\nodejs;C:\Users\João\AppData\Local\Microsoft\WindowsApps;C:\Users\João\AppData\Local\Programs\Microsoft VS Code\bin;C:\Users\João\AppData\Roaming\npm;C:\Program Files\Git\usr\bin\vendor_perl;C:\Program Files\Git\usr\bin\core_perl

Yarn version: 
  1.22.19

Node version: 
  16.18.0

Platform: 
  win32 x64

Trace: 
  Error: https://registry.yarnpkg.com/node_ENV: Not found
      at Request.params.callback [as _callback] (C:\Users\João\AppData\Roaming\npm\node_modules\yarn\lib\cli.js:66145:18)
      at Request.self.callback (C:\Users\João\AppData\Roaming\npm\node_modules\yarn\lib\cli.js:140890:22)
      at Request.emit (node:events:513:28)
      at Request.<anonymous> (C:\Users\João\AppData\Roaming\npm\node_modules\yarn\lib\cli.js:141862:10)
      at Request.emit (node:events:513:28)
      at IncomingMessage.<anonymous> (C:\Users\João\AppData\Roaming\npm\node_modules\yarn\lib\cli.js:141784:12)
      at Object.onceWrapper (node:events:627:28)
      at IncomingMessage.emit (node:events:525:35)
      at endReadableNT (node:internal/streams/readable:1358:12)
      at processTicksAndRejections (node:internal/process/task_queues:83:21)

npm manifest: 
  {
    "name": "sgs-backend-m4",
    "version": "1.0.0",
    "main": "index.js",
    "repository": "git@github.com:sgs-grupo5-m3/sgs-backend-m4.git",
    "author": "Gutemberg Lamark <gtmbrglamark@gmail.com>",
    "license": "MIT",
    "scripts": {
      "dev": "ts-node-dev src/server.ts",
      "typeorm": "typeorm-ts-node-commonjs",
      "test": "NODE_ENV=test jest"
    },
    "dependencies": {
      "@types/yup": "^0.32.0",
      "bcrypt": "^5.1.0",
      "class-transformer": "^0.5.1",
      "dotenv": "^16.0.3",
      "express": "^4.18.2",
      "express-async-errors": "^3.1.1",
      "jsonwebtoken": "^8.5.1",
      "jwt": "^0.2.0",
      "pg": "^8.8.0",
      "reflect-metadata": "^0.1.13",
      "ts-node": "^10.9.1",
      "typeorm": "^0.3.10",
      "yup": "^0.32.11"
    },
    "devDependencies": {
      "@types/bcrypt": "^5.0.0",
      "@types/express": "^4.17.14",
      "@types/jest": "^29.2.0",
      "@types/jsonwebtoken": "^8.5.9",
      "@types/node": "^18.11.8",
      "@types/supertest": "^2.0.12",
      "jest": "^29.2.2",
      "sqlite3": "^5.1.2",
      "supertest": "^6.3.1",
      "ts-jest": "^29.0.3",
      "ts-node-dev": "^2.0.0",
      "typescript": "^4.8.4"
    }
  }

yarn manifest: 
  No manifest

Lockfile: 
  No lockfile
